<?xml version="1.0" encoding="utf-8" ?>
<!DOCTYPE html PUBLIC "-//W3C//DTD XHTML 1.0 Strict//EN"
        "http://www.w3.org/TR/xhtml1/DTD/xhtml1-strict.dtd">
<html xmlns="http://www.w3.org/1999/xhtml" xml:lang="" lang="">
<head>
  <title>Test Results Report - Run on Firefox</title>
  <meta http-equiv="Content-Type" content="text/html;charset=utf-8" />
  <meta name="description" content="TestNG unit test results." />
  <link href="reportng.css" rel="stylesheet" type="text/css" />
    <script type="text/javascript" src="reportng.js"></script>
</head>
<body>
<h1>Run on Firefox</h1>
<p>
  Test duration: 15.418s
</p>



  <table class="resultsTable">
    <tr><th colspan="3" class="header failed">Failed Tests</th></tr>
          <tr>
        <td colspan="3" class="group">Search.Search_001_SearchOnGoogle</td>
      </tr>
            
<tr>

  <td class="method">
    <a href="#" onclick="clickHandler(this);" title="Click to expand/collapse">
                  <span class="description" title="Search an invalid text on Google">GoogleSearch_01_0_GoogleSearchInvalidText</span>
         </a>
  </td>

  <td class="duration">
    3.096s
  </td>
  <td class="result">
        
               

     <div id=GoogleSearch_01_0_GoogleSearchInvalidText class="testOutput" style="display: none;">
                           2015-09-28 10:44:19,630 INFO&nbsp; Search_001_SearchOnGoogle - Step GoogleSearch_01 - 1: Search invalid text on Google<br/>
<br />
                     </div>
     


        <a href="javascript:toggleElement('exception-0', 'block')" title="Click to expand/collapse"><b>org.openqa.selenium.WebDriverException: Element must be user-editable in order to clear it.<br/>
Build info: version: &apos;2.47.1&apos;, revision: &apos;411b314&apos;, time: &apos;2015-07-30 03:03:16&apos;<br/>
System info: host: &apos;WIN-R1JBAO1CNPS&apos;, ip: &apos;172.20.49.168&apos;, os.name: &apos;Windows Server 2008 R2&apos;, os.arch: &apos;x86&apos;, os.version: &apos;6.1&apos;, java.version: &apos;1.7.0_60&apos;<br/>
Driver info: driver.version: unknown<br/>
Command duration or timeout: 316 milliseconds<br/>
Build info: version: &apos;2.47.1&apos;, revision: &apos;411b314&apos;, time: &apos;2015-07-30 02:56:46&apos;<br/>
System info: host: &apos;LGDN15028-W7D01&apos;, ip: &apos;192.168.189.158&apos;, os.name: &apos;Windows 7&apos;, os.arch: &apos;x86&apos;, os.version: &apos;6.1&apos;, java.version: &apos;1.7.0_45&apos;<br/>
Session ID: a8b7ae9b804948b3a1a0ab3eeff1dd05<br/>
Driver info: org.openqa.selenium.remote.RemoteWebDriver<br/>
Capabilities [{platform=WINDOWS, acceptSslCerts=true, javascriptEnabled=true, hasMetadata=true, browserName=firefox, rotatable=false, locationContextEnabled=true, webdriver.remote.sessionid=a8b7ae9b804948b3a1a0ab3eeff1dd05, version=39.0, cssSelectorsEnabled=true, databaseEnabled=true, handlesAlerts=true, webStorageEnabled=true, nativeEvents=false, applicationCacheEnabled=true, takesScreenshot=true}]</b></a><br />
    <div class="stackTrace" id="exception-0">
              sun.reflect.NativeConstructorAccessorImpl.newInstance0(Native Method)<br />
              sun.reflect.NativeConstructorAccessorImpl.newInstance(Unknown Source)<br />
              sun.reflect.DelegatingConstructorAccessorImpl.newInstance(Unknown Source)<br />
              java.lang.reflect.Constructor.newInstance(Unknown Source)<br />
              org.openqa.selenium.remote.ErrorHandler.createThrowable(ErrorHandler.java:206)<br />
              org.openqa.selenium.remote.ErrorHandler.throwIfResponseFailed(ErrorHandler.java:158)<br />
              org.openqa.selenium.remote.RemoteWebDriver.execute(RemoteWebDriver.java:595)<br />
              org.openqa.selenium.remote.RemoteWebElement.execute(RemoteWebElement.java:273)<br />
              org.openqa.selenium.remote.RemoteWebElement.clear(RemoteWebElement.java:118)<br />
              page.AbstractPage.type(AbstractPage.java:356)<br />
              page.SearchPage.searchGoogleWithKeyword(SearchPage.java:26)<br />
              Search.Search_001_SearchOnGoogle.GoogleSearch_01_0_GoogleSearchInvalidText(Search_001_SearchOnGoogle.java:29)<br />
              sun.reflect.NativeMethodAccessorImpl.invoke0(Native Method)<br />
              sun.reflect.NativeMethodAccessorImpl.invoke(Unknown Source)<br />
              sun.reflect.DelegatingMethodAccessorImpl.invoke(Unknown Source)<br />
              java.lang.reflect.Method.invoke(Unknown Source)<br />
              org.testng.internal.MethodInvocationHelper.invokeMethod(MethodInvocationHelper.java:84)<br />
              org.testng.internal.Invoker.invokeMethod(Invoker.java:714)<br />
              org.testng.internal.Invoker.invokeTestMethod(Invoker.java:901)<br />
              org.testng.internal.Invoker.invokeTestMethods(Invoker.java:1231)<br />
              org.testng.internal.TestMethodWorker.invokeTestMethods(TestMethodWorker.java:127)<br />
              org.testng.internal.TestMethodWorker.run(TestMethodWorker.java:111)<br />
              org.testng.TestRunner.privateRun(TestRunner.java:767)<br />
              org.testng.TestRunner.run(TestRunner.java:617)<br />
              org.testng.SuiteRunner.runTest(SuiteRunner.java:334)<br />
              org.testng.SuiteRunner.access$000(SuiteRunner.java:37)<br />
              org.testng.SuiteRunner$SuiteWorker.run(SuiteRunner.java:368)<br />
              org.testng.internal.thread.ThreadUtil$2.call(ThreadUtil.java:64)<br />
              java.util.concurrent.FutureTask.run(Unknown Source)<br />
              java.util.concurrent.ThreadPoolExecutor.runWorker(Unknown Source)<br />
              java.util.concurrent.ThreadPoolExecutor$Worker.run(Unknown Source)<br />
              java.lang.Thread.run(Unknown Source)<br />
                    <b>Caused by: </b> <a href="javascript:toggleElement('exception-1', 'block')" title="Click to expand/collapse">org.openqa.selenium.WebDriverException: Element must be user-editable in order to clear it.<br/>
Build info: version: &apos;2.47.1&apos;, revision: &apos;411b314&apos;, time: &apos;2015-07-30 03:03:16&apos;<br/>
System info: host: &apos;WIN-R1JBAO1CNPS&apos;, ip: &apos;172.20.49.168&apos;, os.name: &apos;Windows Server 2008 R2&apos;, os.arch: &apos;x86&apos;, os.version: &apos;6.1&apos;, java.version: &apos;1.7.0_60&apos;<br/>
Driver info: driver.version: unknown<br/>
Build info: version: &apos;2.47.1&apos;, revision: &apos;411b314&apos;, time: &apos;2015-07-30 02:56:46&apos;<br/>
System info: host: &apos;LGDN15028-W7D01&apos;, ip: &apos;192.168.189.158&apos;, os.name: &apos;Windows 7&apos;, os.arch: &apos;x86&apos;, os.version: &apos;6.1&apos;, java.version: &apos;1.7.0_45&apos;<br/>
Driver info: driver.version: unknown</a><br />
        <div class="stackTrace" id="exception-1">
                      &lt;anonymous class&gt;.bot.Error(file:///C:/Users/ADMINI~1/AppData/Local/Temp/anonymous7319350633337497620webdriver-profile/extensions/fxdriver@googlecode.com/components/command-processor.js:679)<br />
                      &lt;anonymous class&gt;.bot.action.clear(file:///C:/Users/ADMINI~1/AppData/Local/Temp/anonymous7319350633337497620webdriver-profile/extensions/fxdriver@googlecode.com/components/command-processor.js:11669)<br />
                      &lt;anonymous class&gt;.WebElement.clearElement(file:///C:/Users/ADMINI~1/AppData/Local/Temp/anonymous7319350633337497620webdriver-profile/extensions/fxdriver@googlecode.com/components/command-processor.js:12115)<br />
                      &lt;anonymous class&gt;.DelayedCommand.prototype.executeInternal_/h(file:///C:/Users/ADMINI~1/AppData/Local/Temp/anonymous7319350633337497620webdriver-profile/extensions/fxdriver@googlecode.com/components/command-processor.js:12643)<br />
                      &lt;anonymous class&gt;.DelayedCommand.prototype.executeInternal_(file:///C:/Users/ADMINI~1/AppData/Local/Temp/anonymous7319350633337497620webdriver-profile/extensions/fxdriver@googlecode.com/components/command-processor.js:12648)<br />
                      &lt;anonymous class&gt;.DelayedCommand.prototype.execute/&lt;(file:///C:/Users/ADMINI~1/AppData/Local/Temp/anonymous7319350633337497620webdriver-profile/extensions/fxdriver@googlecode.com/components/command-processor.js:12590)<br />
                  </div>
          </div>
      </td>
</tr>
<tr>

  <td class="method">
    <a href="#" onclick="clickHandler(this);" title="Click to expand/collapse">
                  <span class="description" title="Search an valid text on Google">GoogleSearch_02_0_GoogleSearchValidText</span>
         </a>
  </td>

  <td class="duration">
    3.735s
  </td>
  <td class="result">
        
               

     <div id=GoogleSearch_02_0_GoogleSearchValidText class="testOutput" style="display: none;">
                           2015-09-28 10:44:22,726 INFO&nbsp; Search_001_SearchOnGoogle - Step GoogleSearch_02 - 1: Search valid text on Google<br/>
<br />
                     </div>
     


        <a href="javascript:toggleElement('exception-2', 'block')" title="Click to expand/collapse"><b>org.openqa.selenium.WebDriverException: Element must be user-editable in order to clear it.<br/>
Build info: version: &apos;2.47.1&apos;, revision: &apos;411b314&apos;, time: &apos;2015-07-30 03:03:16&apos;<br/>
System info: host: &apos;WIN-R1JBAO1CNPS&apos;, ip: &apos;172.20.49.168&apos;, os.name: &apos;Windows Server 2008 R2&apos;, os.arch: &apos;x86&apos;, os.version: &apos;6.1&apos;, java.version: &apos;1.7.0_60&apos;<br/>
Driver info: driver.version: unknown<br/>
Command duration or timeout: 307 milliseconds<br/>
Build info: version: &apos;2.47.1&apos;, revision: &apos;411b314&apos;, time: &apos;2015-07-30 02:56:46&apos;<br/>
System info: host: &apos;LGDN15028-W7D01&apos;, ip: &apos;192.168.189.158&apos;, os.name: &apos;Windows 7&apos;, os.arch: &apos;x86&apos;, os.version: &apos;6.1&apos;, java.version: &apos;1.7.0_45&apos;<br/>
Session ID: a8b7ae9b804948b3a1a0ab3eeff1dd05<br/>
Driver info: org.openqa.selenium.remote.RemoteWebDriver<br/>
Capabilities [{platform=WINDOWS, acceptSslCerts=true, javascriptEnabled=true, hasMetadata=true, browserName=firefox, rotatable=false, locationContextEnabled=true, webdriver.remote.sessionid=a8b7ae9b804948b3a1a0ab3eeff1dd05, version=39.0, cssSelectorsEnabled=true, databaseEnabled=true, handlesAlerts=true, webStorageEnabled=true, nativeEvents=false, applicationCacheEnabled=true, takesScreenshot=true}]</b></a><br />
    <div class="stackTrace" id="exception-2">
              sun.reflect.NativeConstructorAccessorImpl.newInstance0(Native Method)<br />
              sun.reflect.NativeConstructorAccessorImpl.newInstance(Unknown Source)<br />
              sun.reflect.DelegatingConstructorAccessorImpl.newInstance(Unknown Source)<br />
              java.lang.reflect.Constructor.newInstance(Unknown Source)<br />
              org.openqa.selenium.remote.ErrorHandler.createThrowable(ErrorHandler.java:206)<br />
              org.openqa.selenium.remote.ErrorHandler.throwIfResponseFailed(ErrorHandler.java:158)<br />
              org.openqa.selenium.remote.RemoteWebDriver.execute(RemoteWebDriver.java:595)<br />
              org.openqa.selenium.remote.RemoteWebElement.execute(RemoteWebElement.java:273)<br />
              org.openqa.selenium.remote.RemoteWebElement.clear(RemoteWebElement.java:118)<br />
              page.AbstractPage.type(AbstractPage.java:356)<br />
              page.SearchPage.searchGoogleWithKeyword(SearchPage.java:26)<br />
              Search.Search_001_SearchOnGoogle.GoogleSearch_02_0_GoogleSearchValidText(Search_001_SearchOnGoogle.java:38)<br />
              sun.reflect.NativeMethodAccessorImpl.invoke0(Native Method)<br />
              sun.reflect.NativeMethodAccessorImpl.invoke(Unknown Source)<br />
              sun.reflect.DelegatingMethodAccessorImpl.invoke(Unknown Source)<br />
              java.lang.reflect.Method.invoke(Unknown Source)<br />
              org.testng.internal.MethodInvocationHelper.invokeMethod(MethodInvocationHelper.java:84)<br />
              org.testng.internal.Invoker.invokeMethod(Invoker.java:714)<br />
              org.testng.internal.Invoker.invokeTestMethod(Invoker.java:901)<br />
              org.testng.internal.Invoker.invokeTestMethods(Invoker.java:1231)<br />
              org.testng.internal.TestMethodWorker.invokeTestMethods(TestMethodWorker.java:127)<br />
              org.testng.internal.TestMethodWorker.run(TestMethodWorker.java:111)<br />
              org.testng.TestRunner.privateRun(TestRunner.java:767)<br />
              org.testng.TestRunner.run(TestRunner.java:617)<br />
              org.testng.SuiteRunner.runTest(SuiteRunner.java:334)<br />
              org.testng.SuiteRunner.access$000(SuiteRunner.java:37)<br />
              org.testng.SuiteRunner$SuiteWorker.run(SuiteRunner.java:368)<br />
              org.testng.internal.thread.ThreadUtil$2.call(ThreadUtil.java:64)<br />
              java.util.concurrent.FutureTask.run(Unknown Source)<br />
              java.util.concurrent.ThreadPoolExecutor.runWorker(Unknown Source)<br />
              java.util.concurrent.ThreadPoolExecutor$Worker.run(Unknown Source)<br />
              java.lang.Thread.run(Unknown Source)<br />
                    <b>Caused by: </b> <a href="javascript:toggleElement('exception-3', 'block')" title="Click to expand/collapse">org.openqa.selenium.WebDriverException: Element must be user-editable in order to clear it.<br/>
Build info: version: &apos;2.47.1&apos;, revision: &apos;411b314&apos;, time: &apos;2015-07-30 03:03:16&apos;<br/>
System info: host: &apos;WIN-R1JBAO1CNPS&apos;, ip: &apos;172.20.49.168&apos;, os.name: &apos;Windows Server 2008 R2&apos;, os.arch: &apos;x86&apos;, os.version: &apos;6.1&apos;, java.version: &apos;1.7.0_60&apos;<br/>
Driver info: driver.version: unknown<br/>
Build info: version: &apos;2.47.1&apos;, revision: &apos;411b314&apos;, time: &apos;2015-07-30 02:56:46&apos;<br/>
System info: host: &apos;LGDN15028-W7D01&apos;, ip: &apos;192.168.189.158&apos;, os.name: &apos;Windows 7&apos;, os.arch: &apos;x86&apos;, os.version: &apos;6.1&apos;, java.version: &apos;1.7.0_45&apos;<br/>
Driver info: driver.version: unknown</a><br />
        <div class="stackTrace" id="exception-3">
                      &lt;anonymous class&gt;.bot.Error(file:///C:/Users/ADMINI~1/AppData/Local/Temp/anonymous7319350633337497620webdriver-profile/extensions/fxdriver@googlecode.com/components/command-processor.js:679)<br />
                      &lt;anonymous class&gt;.bot.action.clear(file:///C:/Users/ADMINI~1/AppData/Local/Temp/anonymous7319350633337497620webdriver-profile/extensions/fxdriver@googlecode.com/components/command-processor.js:11669)<br />
                      &lt;anonymous class&gt;.WebElement.clearElement(file:///C:/Users/ADMINI~1/AppData/Local/Temp/anonymous7319350633337497620webdriver-profile/extensions/fxdriver@googlecode.com/components/command-processor.js:12115)<br />
                      &lt;anonymous class&gt;.DelayedCommand.prototype.executeInternal_/h(file:///C:/Users/ADMINI~1/AppData/Local/Temp/anonymous7319350633337497620webdriver-profile/extensions/fxdriver@googlecode.com/components/command-processor.js:12643)<br />
                      &lt;anonymous class&gt;.DelayedCommand.prototype.executeInternal_(file:///C:/Users/ADMINI~1/AppData/Local/Temp/anonymous7319350633337497620webdriver-profile/extensions/fxdriver@googlecode.com/components/command-processor.js:12648)<br />
                      &lt;anonymous class&gt;.DelayedCommand.prototype.execute/&lt;(file:///C:/Users/ADMINI~1/AppData/Local/Temp/anonymous7319350633337497620webdriver-profile/extensions/fxdriver@googlecode.com/components/command-processor.js:12590)<br />
                  </div>
          </div>
      </td>
</tr>
      </table>


  
</body>
</html>
